0 info it worked if it ends with ok
1 verbose cli [ '/home/tjackman/.nvm/versions/node/v4.4.7/bin/node',
1 verbose cli   '/home/tjackman/.nvm/versions/node/v4.4.7/bin/npm',
1 verbose cli   'link' ]
2 info using npm@2.15.8
3 info using node@v4.4.7
4 verbose linkPkg /home/tjackman/sandbox/raincatcher-load-tester
5 silly gentlyRm /home/tjackman/.nvm/versions/node/v4.4.7/lib/node_modules/raincatcher-load-tester is being purged
6 verbose gentlyRm don't care about contents; nuking /home/tjackman/.nvm/versions/node/v4.4.7/lib/node_modules/raincatcher-load-tester
7 silly vacuum-fs purging /home/tjackman/.nvm/versions/node/v4.4.7/lib/node_modules/raincatcher-load-tester
8 silly vacuum-fs quitting because other entries in /home/tjackman/.nvm/versions/node/v4.4.7/lib/node_modules
9 verbose link build target /home/tjackman/.nvm/versions/node/v4.4.7/lib/node_modules/raincatcher-load-tester
10 verbose install where, what [ '/home/tjackman/sandbox/raincatcher-load-tester', [] ]
11 verbose readDependencies loading dependencies from /home/tjackman/sandbox/raincatcher-load-tester/package.json
12 verbose install where, deps [ '/home/tjackman/sandbox/raincatcher-load-tester',
12 verbose install   [ 'shelljs', 'yargs' ] ]
13 verbose install where, peers [ '/home/tjackman/sandbox/raincatcher-load-tester', [] ]
14 verbose installManyTop reading for lifecycle /home/tjackman/sandbox/raincatcher-load-tester/package.json
15 info preinstall raincatcher-load-tester@0.0.1
16 verbose installManyTop reading scoped package data from /home/tjackman/sandbox/raincatcher-load-tester/node_modules/shelljs/package.json
17 verbose installManyTop reading scoped package data from /home/tjackman/sandbox/raincatcher-load-tester/node_modules/yargs/package.json
18 verbose readDependencies loading dependencies from /home/tjackman/sandbox/raincatcher-load-tester/package.json
19 verbose targetResolver reading package data from /home/tjackman/sandbox/raincatcher-load-tester/node_modules/shelljs/package.json
20 verbose targetResolver reading package data from /home/tjackman/sandbox/raincatcher-load-tester/node_modules/yargs/package.json
21 verbose targetResolver reading package data from /home/tjackman/sandbox/raincatcher-load-tester/node_modules/.bin/shjs/package.json
22 verbose targetResolver reading package data from /home/tjackman/sandbox/raincatcher-load-tester/node_modules/.bin/wfm-template-build/package.json
23 verbose already installed skipping yargs@^6.3.0 /home/tjackman/sandbox/raincatcher-load-tester
24 verbose already installed skipping shelljs@^0.7.5 /home/tjackman/sandbox/raincatcher-load-tester
25 silly install resolved []
26 info build /home/tjackman/sandbox/raincatcher-load-tester
27 info linkStuff raincatcher-load-tester@0.0.1
28 silly linkStuff raincatcher-load-tester@0.0.1 has /home/tjackman/sandbox as its parent node_modules
29 verbose linkBins raincatcher-load-tester@0.0.1
30 verbose linkMans raincatcher-load-tester@0.0.1
31 verbose rebuildBundles raincatcher-load-tester@0.0.1
32 verbose rebuildBundles [ '.bin', 'shelljs', 'yargs' ]
33 info install raincatcher-load-tester@0.0.1
34 info postinstall raincatcher-load-tester@0.0.1
35 info prepublish raincatcher-load-tester@0.0.1
36 verbose validateInstall loading /home/tjackman/sandbox/raincatcher-load-tester/package.json for validation
37 info build /home/tjackman/.nvm/versions/node/v4.4.7/lib/node_modules/raincatcher-load-tester
38 info linkStuff raincatcher-load-tester@0.0.1
39 silly linkStuff raincatcher-load-tester@0.0.1 has /home/tjackman/.nvm/versions/node/v4.4.7/lib/node_modules as its parent node_modules
40 silly linkStuff raincatcher-load-tester@0.0.1 is part of a global install
41 silly linkStuff raincatcher-load-tester@0.0.1 is installed into a global node_modules
42 silly linkStuff raincatcher-load-tester@0.0.1 is installed into the top-level global node_modules
43 verbose linkBins raincatcher-load-tester@0.0.1
44 verbose link bins [ { 'raincatcher-load-tester': 'bin/index.js' },
44 verbose link bins   '/home/tjackman/.nvm/versions/node/v4.4.7/bin',
44 verbose link bins   true ]
45 verbose linkMans raincatcher-load-tester@0.0.1
46 verbose stack Error: ENOENT: no such file or directory, chmod '/home/tjackman/.nvm/versions/node/v4.4.7/lib/node_modules/raincatcher-load-tester/bin/index.js'
46 verbose stack     at Error (native)
47 verbose cwd /home/tjackman/sandbox/raincatcher-load-tester
48 error Linux 4.4.0-45-generic
49 error argv "/home/tjackman/.nvm/versions/node/v4.4.7/bin/node" "/home/tjackman/.nvm/versions/node/v4.4.7/bin/npm" "link"
50 error node v4.4.7
51 error npm  v2.15.8
52 error path /home/tjackman/.nvm/versions/node/v4.4.7/lib/node_modules/raincatcher-load-tester/bin/index.js
53 error code ENOENT
54 error errno -2
55 error syscall chmod
56 error enoent ENOENT: no such file or directory, chmod '/home/tjackman/.nvm/versions/node/v4.4.7/lib/node_modules/raincatcher-load-tester/bin/index.js'
56 error enoent This is most likely not a problem with npm itself
56 error enoent and is related to npm not being able to find a file.
57 verbose exit [ -2, true ]
